Unity Editor version:    2022.3.5f1 (9674261d40ee)
Branch:                  2022.3/release
Build type:              Release
Batch mode:              YES
macOS version:           Version 13.4.1 (c) (Build 22F770820d)
Darwin version:          22.5.0
Architecture:            arm64
Running under Rosetta:   NO
Available memory:        8192 MB
Using pre-set license
Pro License: YES

COMMAND LINE ARGUMENTS:
/Applications/Unity/Hub/Editor/2022.3.5f1/Unity.app/Contents/MacOS/Unity
-adb2
-batchMode
-noUpm
-name
AssetImportWorker0
-projectPath
/Users/fabricioca/Developer/scape-the-dungeon
-logFile
Logs/AssetImportWorker0.log
-srvPort
56069
Successfully changed project path to: /Users/fabricioca/Developer/scape-the-dungeon
/Users/fabricioca/Developer/scape-the-dungeon
[UnityMemory] Configuration Parameters - Can be set up in boot.config
    "memorysetup-bucket-allocator-granularity=16"
    "memorysetup-bucket-allocator-bucket-count=8"
    "memorysetup-bucket-allocator-block-size=33554432"
    "memorysetup-bucket-allocator-block-count=8"
    "memorysetup-main-allocator-block-size=16777216"
    "memorysetup-thread-allocator-block-size=16777216"
    "memorysetup-gfx-main-allocator-block-size=16777216"
    "memorysetup-gfx-thread-allocator-block-size=16777216"
    "memorysetup-cache-allocator-block-size=4194304"
    "memorysetup-typetree-allocator-block-size=2097152"
    "memorysetup-profiler-bucket-allocator-granularity=16"
    "memorysetup-profiler-bucket-allocator-bucket-count=8"
    "memorysetup-profiler-bucket-allocator-block-size=33554432"
    "memorysetup-profiler-bucket-allocator-block-count=8"
    "memorysetup-profiler-allocator-block-size=16777216"
    "memorysetup-profiler-editor-allocator-block-size=1048576"
    "memorysetup-temp-allocator-size-main=16777216"
    "memorysetup-job-temp-allocator-block-size=2097152"
    "memorysetup-job-temp-allocator-block-size-background=1048576"
    "memorysetup-job-temp-allocator-reduction-small-platforms=262144"
    "memorysetup-allocator-temp-initial-block-size-main=262144"
    "memorysetup-allocator-temp-initial-block-size-worker=262144"
    "memorysetup-temp-allocator-size-background-worker=32768"
    "memorysetup-temp-allocator-size-job-worker=262144"
    "memorysetup-temp-allocator-size-preload-manager=33554432"
    "memorysetup-temp-allocator-size-nav-mesh-worker=65536"
    "memorysetup-temp-allocator-size-audio-worker=65536"
    "memorysetup-temp-allocator-size-cloud-worker=32768"
    "memorysetup-temp-allocator-size-gi-baking-worker=262144"
    "memorysetup-temp-allocator-size-gfx=262144"
Player connection [8681414144] Host "[IP] 192.168.0.4 [Port] 0 [Flags] 2 [Guid] 3745772932 [EditorId] 3745772932 [Version] 1048832 [Id] OSXEditor(0,air-de-fabricio) [Debug] 1 [PackageName] OSXEditor [ProjectName] Editor" joined multi-casting on [225.0.0.222:54997]...

Player connection [8681414144] Host "[IP] 192.168.0.4 [Port] 0 [Flags] 2 [Guid] 3745772932 [EditorId] 3745772932 [Version] 1048832 [Id] OSXEditor(0,air-de-fabricio) [Debug] 1 [PackageName] OSXEditor [ProjectName] Editor" joined alternative multi-casting on [225.0.0.222:34997]...

Refreshing native plugins compatible for Editor in 2.89 ms, found 3 plugins.
Preloading 0 native plugins for Editor in 0.00 ms.
Initialize engine version: 2022.3.5f1 (9674261d40ee)
[Subsystems] Discovering subsystems at path /Applications/Unity/Hub/Editor/2022.3.5f1/Unity.app/Contents/Resources/UnitySubsystems
[Subsystems] Discovering subsystems at path /Users/fabricioca/Developer/scape-the-dungeon/Assets
GfxDevice: creating device client; threaded=0; jobified=0
 preferred device: Apple M1 (high power)
Metal devices available: 1
0: Apple M1 (high power)
Using device Apple M1 (high power)
Initializing Metal device caps: Apple M1
Initialize mono
Mono path[0] = '/Applications/Unity/Hub/Editor/2022.3.5f1/Unity.app/Contents/Managed'
Mono path[1] = '/Applications/Unity/Hub/Editor/2022.3.5f1/Unity.app/Contents/MonoBleedingEdge/lib/mono/unityjit-macos'
Mono config path = '/Applications/Unity/Hub/Editor/2022.3.5f1/Unity.app/Contents/MonoBleedingEdge/etc'
Using monoOptions --debugger-agent=transport=dt_socket,embedding=1,server=y,suspend=n,address=127.0.0.1:56198
Begin MonoManager ReloadAssembly
Registering precompiled unity dll's ...
Register platform support module: /Applications/Unity/Hub/Editor/2022.3.5f1/PlaybackEngines/WebGLSupport/UnityEditor.WebGL.Extensions.dll
Register platform support module: /Applications/Unity/Hub/Editor/2022.3.5f1/Unity.app/Contents/PlaybackEngines/MacStandaloneSupport/UnityEditor.OSXStandalone.Extensions.dll
Registered in 0.003075 seconds.
- Loaded All Assemblies, in  0.250 seconds
Native extension for OSXStandalone target not found
Native extension for WebGL target not found
Mono: successfully reloaded assembly
- Finished resetting the current domain, in  0.154 seconds
Domain Reload Profiling: 404ms
	BeginReloadAssembly (88ms)
		ExecutionOrderSort (0ms)
		DisableScriptedObjects (0ms)
		BackupInstance (0ms)
		ReleaseScriptingObjects (0ms)
		CreateAndSetChildDomain (0ms)
	RebuildCommonClasses (23ms)
	RebuildNativeTypeToScriptingClass (8ms)
	initialDomainReloadingComplete (32ms)
	LoadAllAssembliesAndSetupDomain (99ms)
		LoadAssemblies (89ms)
		RebuildTransferFunctionScriptingTraits (0ms)
		AnalyzeDomain (96ms)
			TypeCache.Refresh (95ms)
				TypeCache.ScanAssembly (84ms)
			ScanForSourceGeneratedMonoScriptInfo (0ms)
			ResolveRequiredComponents (0ms)
	FinalizeReload (155ms)
		ReleaseScriptCaches (0ms)
		RebuildScriptCaches (0ms)
		SetupLoadedEditorAssemblies (115ms)
			LogAssemblyErrors (0ms)
			InitializePlatformSupportModulesInManaged (5ms)
			SetLoadedEditorAssemblies (4ms)
			RefreshPlugins (0ms)
			BeforeProcessingInitializeOnLoad (1ms)
			ProcessInitializeOnLoadAttributes (76ms)
			ProcessInitializeOnLoadMethodAttributes (28ms)
			AfterProcessingInitializeOnLoad (0ms)
			EditorAssembliesLoaded (0ms)
		ExecutionOrderSort2 (0ms)
		AwakeInstancesAfterBackupRestoration (0ms)
========================================================================
Worker process is ready to serve import requests
Begin MonoManager ReloadAssembly
Symbol file LoadedFromMemory doesn't match image /Users/fabricioca/Developer/scape-the-dungeon/Library/PackageCache/com.unity.visualscripting@1.8.0/Editor/VisualScripting.Core/Dependencies/YamlDotNet/Unity.VisualScripting.YamlDotNet.dll
Symbol file LoadedFromMemory doesn't match image /Users/fabricioca/Developer/scape-the-dungeon/Library/PackageCache/com.unity.visualscripting@1.8.0/Editor/VisualScripting.Core/Dependencies/DotNetZip/Unity.VisualScripting.IonicZip.dll
- Loaded All Assemblies, in  0.575 seconds
Refreshing native plugins compatible for Editor in 1.27 ms, found 3 plugins.
Native extension for OSXStandalone target not found
Native extension for WebGL target not found
Mono: successfully reloaded assembly
- Finished resetting the current domain, in  0.474 seconds
Domain Reload Profiling: 1051ms
	BeginReloadAssembly (88ms)
		ExecutionOrderSort (0ms)
		DisableScriptedObjects (3ms)
		BackupInstance (0ms)
		ReleaseScriptingObjects (0ms)
		CreateAndSetChildDomain (23ms)
	RebuildCommonClasses (26ms)
	RebuildNativeTypeToScriptingClass (8ms)
	initialDomainReloadingComplete (23ms)
	LoadAllAssembliesAndSetupDomain (432ms)
		LoadAssemblies (229ms)
		RebuildTransferFunctionScriptingTraits (0ms)
		AnalyzeDomain (229ms)
			TypeCache.Refresh (205ms)
				TypeCache.ScanAssembly (195ms)
			ScanForSourceGeneratedMonoScriptInfo (15ms)
			ResolveRequiredComponents (8ms)
	FinalizeReload (475ms)
		ReleaseScriptCaches (0ms)
		RebuildScriptCaches (0ms)
		SetupLoadedEditorAssemblies (351ms)
			LogAssemblyErrors (0ms)
			InitializePlatformSupportModulesInManaged (3ms)
			SetLoadedEditorAssemblies (5ms)
			RefreshPlugins (0ms)
			BeforeProcessingInitializeOnLoad (71ms)
			ProcessInitializeOnLoadAttributes (222ms)
			ProcessInitializeOnLoadMethodAttributes (50ms)
			AfterProcessingInitializeOnLoad (1ms)
			EditorAssembliesLoaded (0ms)
		ExecutionOrderSort2 (0ms)
		AwakeInstancesAfterBackupRestoration (2ms)
Launching external process: /Applications/Unity/Hub/Editor/2022.3.5f1/Unity.app/Contents/Tools/UnityShaderCompiler
Launched and connected shader compiler UnityShaderCompiler after 0.21 seconds
Refreshing native plugins compatible for Editor in 1.34 ms, found 3 plugins.
Preloading 0 native plugins for Editor in 0.00 ms.
Unloading 5912 Unused Serialized files (Serialized files now loaded: 0)
Unloading 98 unused Assets / (441.0 KB). Loaded Objects now: 6373.
Memory consumption went from 238.0 MB to 237.6 MB.
Total: 4.102375 ms (FindLiveObjects: 0.260375 ms CreateObjectMapping: 0.072125 ms MarkObjects: 3.483583 ms  DeleteObjects: 0.285625 ms)

AssetImportParameters requested are different than current active one (requested -> active):
  custom:container-demuxer-ogg: 62fdf1f143b41e24485cea50d1cbac27 -> 
  custom:video-decoder-ogg-theora: a1e56fd34408186e4bbccfd4996cb3dc -> 
  custom:container-demuxer-webm: 4f35f7cbe854078d1ac9338744f61a02 -> 
  custom:container-muxer-webm: aa71ff27fc2769a1b78a27578f13a17b -> 
  custom:video-decoder-webm-vp8: 9c59270c3fd7afecdb556c50c9e8de78 -> 
  custom:AudioImporter_EditorPlatform: 3918e3fc78b5a79bad01e8451be0beb8 -> 
  custom:framework-osx-AVFoundation: e770b220cccbd017edd2c1fefb359320 -> 
  custom:video-encoder-webm-vp8: eb34c28f22e8b96e1ab97ce403110664 -> 
  custom:audio-decoder-ogg-vorbis: bf7c407c2cedff20999df2af8eb42d56 -> 
  custom:audio-encoder-webm-vorbis: bf7c407c2cedff20999df2af8eb42d56 -> 
========================================================================
Received Prepare
Refreshing native plugins compatible for Editor in 1.27 ms, found 3 plugins.
Preloading 0 native plugins for Editor in 0.00 ms.
Unloading 4 Unused Serialized files (Serialized files now loaded: 0)
Unloading 4 unused Assets / (392.7 KB). Loaded Objects now: 6373.
Memory consumption went from 118.0 MB to 117.6 MB.
Total: 6.942458 ms (FindLiveObjects: 0.335042 ms CreateObjectMapping: 0.066917 ms MarkObjects: 6.420166 ms  DeleteObjects: 0.120167 ms)

Prepare: number of updated asset objects reloaded= 0
AssetImportParameters requested are different than current active one (requested -> active):
  custom:container-demuxer-ogg: 62fdf1f143b41e24485cea50d1cbac27 -> 
  custom:video-decoder-ogg-theora: a1e56fd34408186e4bbccfd4996cb3dc -> 
  custom:CustomObjectIndexerAttribute: a3ef5dd2817f97addfee359851a9dba5 -> 
  custom:container-demuxer-webm: 4f35f7cbe854078d1ac9338744f61a02 -> 
  custom:container-muxer-webm: aa71ff27fc2769a1b78a27578f13a17b -> 
  custom:video-decoder-webm-vp8: 9c59270c3fd7afecdb556c50c9e8de78 -> 
  custom:AudioImporter_EditorPlatform: 3918e3fc78b5a79bad01e8451be0beb8 -> 
  custom:framework-osx-AVFoundation: e770b220cccbd017edd2c1fefb359320 -> 
  custom:video-encoder-webm-vp8: eb34c28f22e8b96e1ab97ce403110664 -> 
  custom:audio-decoder-ogg-vorbis: bf7c407c2cedff20999df2af8eb42d56 -> 
  custom:audio-encoder-webm-vorbis: bf7c407c2cedff20999df2af8eb42d56 -> 
========================================================================
Received Import Request.
  Time since last request: 2090592.812239 seconds.
  path: Assets/UniversalRenderPipelineGlobalSettings.asset
  artifactKey: Guid(4a12f6a2162e04bd08de839131972ea9) Importer(815301076,1909f56bfc062723c751e8b465ee728b)
Start importing Assets/UniversalRenderPipelineGlobalSettings.asset using Guid(4a12f6a2162e04bd08de839131972ea9) Importer(815301076,1909f56bfc062723c751e8b465ee728b)  -> (artifact id: '6aeaa71f906c217393326138cf18335c') in 0.008696 seconds
Number of updated asset objects reloaded before import = 0
Number of asset objects unloaded after import = 1
========================================================================
Received Import Request.
  Time since last request: 662.731006 seconds.
  path: Packages/com.unity.2d.tilemap.extras/package.json
  artifactKey: Guid(a9f15b7c9363d9944a7d69248fd279ec) Importer(815301076,1909f56bfc062723c751e8b465ee728b)
Start importing Packages/com.unity.2d.tilemap.extras/package.json using Guid(a9f15b7c9363d9944a7d69248fd279ec) Importer(815301076,1909f56bfc062723c751e8b465ee728b)  -> (artifact id: '9bafb23b889717c06480d534f0242265') in 0.003313 seconds
Number of updated asset objects reloaded before import = 0
Number of asset objects unloaded after import = 1
========================================================================
Received Import Request.
  Time since last request: 3.068201 seconds.
  path: Packages/com.unity.2d.tilemap.extras/Tests/Editor
  artifactKey: Guid(b679ec8b3957ea64ebd2626843d0a81e) Importer(815301076,1909f56bfc062723c751e8b465ee728b)
Start importing Packages/com.unity.2d.tilemap.extras/Tests/Editor using Guid(b679ec8b3957ea64ebd2626843d0a81e) Importer(815301076,1909f56bfc062723c751e8b465ee728b)  -> (artifact id: '2ef1e0c94e53717121ab1e2c01e42f87') in 0.000449 seconds
Number of updated asset objects reloaded before import = 0
Number of asset objects unloaded after import = 0
========================================================================
Received Import Request.
  Time since last request: 0.041662 seconds.
  path: Packages/com.unity.2d.tilemap.extras/Tests/Editor/Unity.2D.Tilemap.Extras.EditorTests.asmdef
  artifactKey: Guid(6e1c163768a31b44ba01cc5392db861e) Importer(815301076,1909f56bfc062723c751e8b465ee728b)
Start importing Packages/com.unity.2d.tilemap.extras/Tests/Editor/Unity.2D.Tilemap.Extras.EditorTests.asmdef using Guid(6e1c163768a31b44ba01cc5392db861e) Importer(815301076,1909f56bfc062723c751e8b465ee728b)  -> (artifact id: '1f76f190cf3bd0a9c5ebef5c334e3b75') in 0.000516 seconds
Number of updated asset objects reloaded before import = 0
Number of asset objects unloaded after import = 0
========================================================================
Received Import Request.
  Time since last request: 1.938810 seconds.
  path: Packages/com.unity.2d.tilemap.extras/Runtime/Unity.2D.Tilemap.Extras.asmdef
  artifactKey: Guid(613783dc1674e844b87788ea74ede0f6) Importer(815301076,1909f56bfc062723c751e8b465ee728b)
Start importing Packages/com.unity.2d.tilemap.extras/Runtime/Unity.2D.Tilemap.Extras.asmdef using Guid(613783dc1674e844b87788ea74ede0f6) Importer(815301076,1909f56bfc062723c751e8b465ee728b)  -> (artifact id: '7eab222d7e3715cb42675dac063abcff') in 0.000510 seconds
Number of updated asset objects reloaded before import = 0
Number of asset objects unloaded after import = 0
========================================================================
Received Import Request.
  Time since last request: 1.432388 seconds.
  path: Packages/com.unity.2d.tilemap.extras/Editor/Unity.2D.Tilemap.Extras.Editor.asmdef
  artifactKey: Guid(cbdf09464b6b87745be748a67e5a21a0) Importer(815301076,1909f56bfc062723c751e8b465ee728b)
Start importing Packages/com.unity.2d.tilemap.extras/Editor/Unity.2D.Tilemap.Extras.Editor.asmdef using Guid(cbdf09464b6b87745be748a67e5a21a0) Importer(815301076,1909f56bfc062723c751e8b465ee728b)  -> (artifact id: '9916b6abaa282b5260510177540c1114') in 0.000507 seconds
Number of updated asset objects reloaded before import = 0
Number of asset objects unloaded after import = 0
========================================================================
Received Import Request.
  Time since last request: 2.279968 seconds.
  path: Packages/com.unity.2d.tilemap.extras/Editor/Tiles
  artifactKey: Guid(f03b3016bcc582043b27ae775025ef88) Importer(815301076,1909f56bfc062723c751e8b465ee728b)
Start importing Packages/com.unity.2d.tilemap.extras/Editor/Tiles using Guid(f03b3016bcc582043b27ae775025ef88) Importer(815301076,1909f56bfc062723c751e8b465ee728b)  -> (artifact id: 'a3f15b8cb1c814f55e49af93bf37c481') in 0.000430 seconds
Number of updated asset objects reloaded before import = 0
Number of asset objects unloaded after import = 0
========================================================================
Received Import Request.
  Time since last request: 1.402467 seconds.
  path: Packages/com.unity.2d.tilemap.extras/Editor/Tiles/RuleTile
  artifactKey: Guid(0fac9738c4893c34785c399d087c715d) Importer(815301076,1909f56bfc062723c751e8b465ee728b)
Start importing Packages/com.unity.2d.tilemap.extras/Editor/Tiles/RuleTile using Guid(0fac9738c4893c34785c399d087c715d) Importer(815301076,1909f56bfc062723c751e8b465ee728b)  -> (artifact id: '1497a222c0e8bd49d6769fa53ff5b67c') in 0.000440 seconds
Number of updated asset objects reloaded before import = 0
Number of asset objects unloaded after import = 0
========================================================================
Received Import Request.
  Time since last request: 107.610652 seconds.
  path: Assets/Samples
  artifactKey: Guid(8ff4e6a948f4d4038a18e826cee9cc3a) Importer(815301076,1909f56bfc062723c751e8b465ee728b)
Start importing Assets/Samples using Guid(8ff4e6a948f4d4038a18e826cee9cc3a) Importer(815301076,1909f56bfc062723c751e8b465ee728b)  -> (artifact id: '6ea1e9d7330ec0b39e57b94c0bb1fffc') in 0.001588 seconds
Number of updated asset objects reloaded before import = 0
Number of asset objects unloaded after import = 0
========================================================================
Received Import Request.
  Time since last request: 1.433564 seconds.
  path: Assets/Samples/DungeonRuleTile
  artifactKey: Guid(bc082d7d7bbc24445958d4875894de9e) Importer(815301076,1909f56bfc062723c751e8b465ee728b)
Start importing Assets/Samples/DungeonRuleTile using Guid(bc082d7d7bbc24445958d4875894de9e) Importer(815301076,1909f56bfc062723c751e8b465ee728b)  -> (artifact id: '3a7b244845ef8c93802c6a3ffeed9112') in 0.000562 seconds
Number of updated asset objects reloaded before import = 0
Number of asset objects unloaded after import = 0
========================================================================
Received Import Request.
  Time since last request: 1.691098 seconds.
  path: Assets/Samples/DungeonRuleTile/Tiles
  artifactKey: Guid(7c009717368914f4fac9fc5d3c8ec731) Importer(815301076,1909f56bfc062723c751e8b465ee728b)
Start importing Assets/Samples/DungeonRuleTile/Tiles using Guid(7c009717368914f4fac9fc5d3c8ec731) Importer(815301076,1909f56bfc062723c751e8b465ee728b)  -> (artifact id: 'fc6c1856de19b3e4736fa53f2426a392') in 0.000532 seconds
Number of updated asset objects reloaded before import = 0
Number of asset objects unloaded after import = 0
========================================================================
Received Import Request.
  Time since last request: 0.047142 seconds.
  path: Assets/Samples/DungeonRuleTile/Tiles/Dungeon.asset
  artifactKey: Guid(08002d404144b40bf842342dda8fa3e4) Importer(815301076,1909f56bfc062723c751e8b465ee728b)
Start importing Assets/Samples/DungeonRuleTile/Tiles/Dungeon.asset using Guid(08002d404144b40bf842342dda8fa3e4) Importer(815301076,1909f56bfc062723c751e8b465ee728b)  -> (artifact id: '7a097efb76048443407faff135964557') in 0.013179 seconds
Number of updated asset objects reloaded before import = 0
Number of asset objects unloaded after import = 16
========================================================================
Received Import Request.
  Time since last request: 0.921496 seconds.
  path: Assets/Samples/DungeonRuleTile/Sprites/Dungeon.png
  artifactKey: Guid(4e794009527fa49a7a0e11880aaa3a50) Importer(815301076,1909f56bfc062723c751e8b465ee728b)
Start importing Assets/Samples/DungeonRuleTile/Sprites/Dungeon.png using Guid(4e794009527fa49a7a0e11880aaa3a50) Importer(815301076,1909f56bfc062723c751e8b465ee728b)  -> (artifact id: '98f4fd8b7b08579c1f25f6205b90c46c') in 0.001977 seconds
Number of updated asset objects reloaded before import = 0
Number of asset objects unloaded after import = 17
========================================================================
Received Import Request.
  Time since last request: 17.465007 seconds.
  path: Assets/Samples/PipeRuleTile
  artifactKey: Guid(0b1164becc7af4df3946a042900199f1) Importer(815301076,1909f56bfc062723c751e8b465ee728b)
Start importing Assets/Samples/PipeRuleTile using Guid(0b1164becc7af4df3946a042900199f1) Importer(815301076,1909f56bfc062723c751e8b465ee728b)  -> (artifact id: '380d1e7c66469945afc1078714c72c38') in 0.000765 seconds
Number of updated asset objects reloaded before import = 0
Number of asset objects unloaded after import = 0
========================================================================
Received Import Request.
  Time since last request: 0.851918 seconds.
  path: Assets/Samples/PipeRuleTile/Sprites
  artifactKey: Guid(3a3844d3e95494f8799842c16fee8879) Importer(815301076,1909f56bfc062723c751e8b465ee728b)
Start importing Assets/Samples/PipeRuleTile/Sprites using Guid(3a3844d3e95494f8799842c16fee8879) Importer(815301076,1909f56bfc062723c751e8b465ee728b)  -> (artifact id: '6b358bfa60d396d8942ae23bb6599073') in 0.001263 seconds
Number of updated asset objects reloaded before import = 0
Number of asset objects unloaded after import = 0
========================================================================
Received Import Request.
  Time since last request: 0.917958 seconds.
  path: Assets/Samples/PipeRuleTile/Tiles
  artifactKey: Guid(f90dc34ed3172410c897a25689c08633) Importer(815301076,1909f56bfc062723c751e8b465ee728b)
Start importing Assets/Samples/PipeRuleTile/Tiles using Guid(f90dc34ed3172410c897a25689c08633) Importer(815301076,1909f56bfc062723c751e8b465ee728b)  -> (artifact id: '19c692edde07765eafd215f8850de731') in 0.001285 seconds
Number of updated asset objects reloaded before import = 0
Number of asset objects unloaded after import = 0
========================================================================
Received Import Request.
  Time since last request: 0.047977 seconds.
  path: Assets/Samples/PipeRuleTile/Tiles/Pipes.asset
  artifactKey: Guid(3866e832eb1cd4493870232771332091) Importer(815301076,1909f56bfc062723c751e8b465ee728b)
Start importing Assets/Samples/PipeRuleTile/Tiles/Pipes.asset using Guid(3866e832eb1cd4493870232771332091) Importer(815301076,1909f56bfc062723c751e8b465ee728b)  -> (artifact id: 'e3e1e6a63cb1e37ebe639f7c8e263919') in 0.001414 seconds
Number of updated asset objects reloaded before import = 0
Number of asset objects unloaded after import = 7
========================================================================
Received Import Request.
  Time since last request: 0.884776 seconds.
  path: Assets/Samples/PipeRuleTile/Sprites/Pipes.png
  artifactKey: Guid(1ebc1aff258f04220b2ce4e1240442fa) Importer(815301076,1909f56bfc062723c751e8b465ee728b)
Start importing Assets/Samples/PipeRuleTile/Sprites/Pipes.png using Guid(1ebc1aff258f04220b2ce4e1240442fa) Importer(815301076,1909f56bfc062723c751e8b465ee728b)  -> (artifact id: 'b8a849d1b72b460ae0fb8c67270f92c0') in 0.002299 seconds
Number of updated asset objects reloaded before import = 0
Number of asset objects unloaded after import = 7
========================================================================
Received Import Request.
  Time since last request: 9.914446 seconds.
  path: Assets/Samples/WaterfallAnimatedTile
  artifactKey: Guid(96afaac087e874973b2a9e855cd00c1f) Importer(815301076,1909f56bfc062723c751e8b465ee728b)
Start importing Assets/Samples/WaterfallAnimatedTile using Guid(96afaac087e874973b2a9e855cd00c1f) Importer(815301076,1909f56bfc062723c751e8b465ee728b)  -> (artifact id: 'a21084fcb7100d1dc47344b4f0f88c52') in 0.000770 seconds
Number of updated asset objects reloaded before import = 0
Number of asset objects unloaded after import = 0
========================================================================
Received Import Request.
  Time since last request: 2.351003 seconds.
  path: Assets/Samples/WaterfallAnimatedTile/Sprites
  artifactKey: Guid(6c861fc7c30ce4560b8f77119e3980b9) Importer(815301076,1909f56bfc062723c751e8b465ee728b)
Start importing Assets/Samples/WaterfallAnimatedTile/Sprites using Guid(6c861fc7c30ce4560b8f77119e3980b9) Importer(815301076,1909f56bfc062723c751e8b465ee728b)  -> (artifact id: '881be5fca88a04de5d48d27186f5e30f') in 0.001341 seconds
Number of updated asset objects reloaded before import = 0
Number of asset objects unloaded after import = 0
========================================================================
Received Import Request.
  Time since last request: 0.061654 seconds.
  path: Assets/Samples/WaterfallAnimatedTile/Sprites/Waterfall.png
  artifactKey: Guid(ea3d66a7edd9d46d38e40be89ae8d3cf) Importer(815301076,1909f56bfc062723c751e8b465ee728b)
Start importing Assets/Samples/WaterfallAnimatedTile/Sprites/Waterfall.png using Guid(ea3d66a7edd9d46d38e40be89ae8d3cf) Importer(815301076,1909f56bfc062723c751e8b465ee728b)  -> (artifact id: '7fe95aa884d8b7fc1cd1c6e39f0d061d') in 0.002409 seconds
Number of updated asset objects reloaded before import = 0
Number of asset objects unloaded after import = 11
========================================================================
Received Import Request.
  Time since last request: 3.241166 seconds.
  path: Assets/Samples/WaterfallAnimatedTile/Tiles
  artifactKey: Guid(0b02798d6ab6b4909a7117fd1df18106) Importer(815301076,1909f56bfc062723c751e8b465ee728b)
Start importing Assets/Samples/WaterfallAnimatedTile/Tiles using Guid(0b02798d6ab6b4909a7117fd1df18106) Importer(815301076,1909f56bfc062723c751e8b465ee728b)  -> (artifact id: 'c99f18fd3fee482d32f7a618fc3f7528') in 0.001286 seconds
Number of updated asset objects reloaded before import = 0
Number of asset objects unloaded after import = 0
========================================================================
Received Import Request.
  Time since last request: 0.019599 seconds.
  path: Assets/Samples/WaterfallAnimatedTile/Tiles/Waterfall.asset
  artifactKey: Guid(9eb6880a443e94253bbdc5b52fa3e1d3) Importer(815301076,1909f56bfc062723c751e8b465ee728b)
Start importing Assets/Samples/WaterfallAnimatedTile/Tiles/Waterfall.asset using Guid(9eb6880a443e94253bbdc5b52fa3e1d3) Importer(815301076,1909f56bfc062723c751e8b465ee728b)  -> (artifact id: '9fd5e1576a323f5aff5f2044bc2d67f4') in 0.000966 seconds
Number of updated asset objects reloaded before import = 0
Number of asset objects unloaded after import = 6
========================================================================
Received Import Request.
  Time since last request: 19.988660 seconds.
  path: Assets/Samples/DungeonRuleTile/Sprites
  artifactKey: Guid(554e2f635c0254ebc9e5ae5558935240) Importer(815301076,1909f56bfc062723c751e8b465ee728b)
Start importing Assets/Samples/DungeonRuleTile/Sprites using Guid(554e2f635c0254ebc9e5ae5558935240) Importer(815301076,1909f56bfc062723c751e8b465ee728b)  -> (artifact id: '296dde968aa4ec3725668bfa6a2f86a5') in 0.000573 seconds
Number of updated asset objects reloaded before import = 0
Number of asset objects unloaded after import = 0
